<?xml version="1.0" encoding="UTF-8"?>
<!-- Generated by org.testng.reporters.JUnitXMLReporter -->
<testsuite ignored="0" hostname="DESKTOP-USER" failures="0" tests="4" name="Default test" time="15.152" errors="0" timestamp="2021-09-30T19:03:29 IST">
  <testcase classname="tests.BookAFlight" name="searchForFlights" time="5.333"/>
  <testcase classname="tests.BookAFlight" name="chooseFlight" time="1.717"/>
  <testcase classname="tests.BookAFlight" name="purchaseTicket" time="2.368"/>
  <testcase classname="tests.BookAFlight" name="bookingConfirmed" time="0.107"/>
</testsuite> <!-- Default test -->
