<?xml version="1.0" encoding="UTF-8"?>
<!-- Generated by org.testng.reporters.JUnitXMLReporter -->
<testsuite ignored="0" hostname="DESKTOP-USER" failures="0" tests="4" name="flightticketbooking" time="20.806" errors="0" timestamp="2021-09-30T19:06:35 IST">
  <testcase classname="tests.BookAFlightTest" name="searchForFlights" time="4.052"/>
  <testcase classname="tests.BookAFlightTest" name="chooseFlight" time="5.396"/>
  <testcase classname="tests.BookAFlightTest" name="purchaseTicket" time="2.533"/>
  <testcase classname="tests.BookAFlightTest" name="bookingConfirmed" time="0.117"/>
</testsuite> <!-- flightticketbooking -->
