<?xml version="1.0" encoding="UTF-8"?>
<!-- Generated by org.testng.reporters.JUnitXMLReporter -->
<testsuite ignored="0" hostname="DESKTOP-USER" failures="1" tests="2" name="Test" time="31.176" errors="0" timestamp="2021-09-29T22:59:24 IST">
  <testcase classname="blazedemo.flightticketbooking.TravelAgency" name="HomePageNavigation" time="15.571"/>
  <testcase classname="blazedemo.flightticketbooking.selectFlight" name="chooseOption" time="15.401">
    <failure type="java.lang.ArrayIndexOutOfBoundsException" message="Index 1 out of bounds for length 0">
      <![CDATA[java.lang.ArrayIndexOutOfBoundsException: Index 1 out of bounds for length 0
at blazedemo.flightticketbooking.selectFlight.chooseOption(selectFlight.java:34)
at java.base/java.util.ArrayList.forEach(ArrayList.java:1541)
... Removed 27 stack frames]]>
    </failure>
  </testcase> <!-- chooseOption -->
</testsuite> <!-- Test -->
