<?xml version="1.0" encoding="UTF-8"?>
<testng-results ignored="0" total="1" passed="1" failed="0" skipped="0">
  <reporter-output>
  </reporter-output>
  <suite started-at="2021-06-27T17:26:59 IST" name="Suite" finished-at="2021-06-27T17:27:18 IST" duration-ms="18966">
    <groups>
    </groups>
    <test started-at="2021-06-27T17:26:59 IST" name="Test" finished-at="2021-06-27T17:27:18 IST" duration-ms="18966">
      <class name="pepperFry.HomePage">
        <test-method signature="HomePageNavigation(java.lang.String, java.lang.String)[pri:0, instance:pepperFry.HomePage@16d04d3d]" started-at="2021-06-27T17:26:59 IST" name="HomePageNavigation" finished-at="2021-06-27T17:27:16 IST" duration-ms="17422" status="PASS">
          <params>
            <param index="0">
              <value>
                <![CDATA[https://www.pepperfry.com/]]>
              </value>
            </param>
            <param index="1">
              <value>
                <![CDATA[furniture]]>
              </value>
            </param>
          </params>
          <reporter-output>
          </reporter-output>
        </test-method> <!-- HomePageNavigation -->
        <test-method is-config="true" signature="teatdown()[pri:0, instance:pepperFry.HomePage@16d04d3d]" started-at="2021-06-27T17:27:17 IST" name="teatdown" finished-at="2021-06-27T17:27:18 IST" duration-ms="1448" status="PASS">
          <reporter-output>
          </reporter-output>
        </test-method> <!-- teatdown -->
      </class> <!-- pepperFry.HomePage -->
    </test> <!-- Test -->
  </suite> <!-- Suite -->
</testng-results>
